/var/spool/slurmd/job3669270/slurm_script: line 16: module: command not found
# packages in environment at /mnt/beegfs/clozano/jupyter_env:
#
# Name                    Version                   Build  Channel
_libgcc_mutex             0.1                        main  
_openmp_mutex             5.1                       1_gnu  
_python_abi3_support      1.0                  hd8ed1ab_2    conda-forge
accelerate                1.12.0             pyhcf101f3_0    conda-forge
annotated-doc             0.0.4              pyhcf101f3_0    conda-forge
annotated-types           0.7.0              pyhd8ed1ab_1    conda-forge
anyio                     4.12.1             pyhcf101f3_0    conda-forge
aom                       3.12.1               h7934f7d_0  
asttokens                 3.0.1              pyhd8ed1ab_0    conda-forge
attrs                     25.4.0                   pypi_0    pypi
beautifulsoup4            4.14.3                   pypi_0    pypi
bitsandbytes              0.49.1                   pypi_0    pypi
blas                      1.0                         mkl  
bleach                    6.3.0                    pypi_0    pypi
brotlicffi                1.0.9.2         py310h6a678d5_1  
bzip2                     1.0.8                h5eee18b_6  
ca-certificates           2026.1.4             hbd8a1cb_0    conda-forge
cairo                     1.18.4               h44eff21_0  
certifi                   2026.1.4           pyhd8ed1ab_0    conda-forge
cffi                      1.17.1          py310h1fdaa30_1  
charset-normalizer        3.4.4           py310h06a4308_0  
click                     8.3.1              pyh8f84b5b_1    conda-forge
comm                      0.2.3              pyhe01879c_0    conda-forge
cpython                   3.10.19         py310hd8ed1ab_3    conda-forge
cuda-bindings             13.0.3                   pypi_0    pypi
cuda-cudart               12.1.105                      0    nvidia
cuda-cupti                12.1.105                      0    nvidia
cuda-libraries            12.1.0                        0    nvidia
cuda-nvrtc                12.1.105                      0    nvidia
cuda-nvtx                 12.1.105                      0    nvidia
cuda-opencl               13.1.80              h3b4bcfc_0    nvidia
cuda-pathfinder           1.2.2                    pypi_0    pypi
cuda-runtime              12.1.0                        0    nvidia
cuda-version              13.1                 hd92462c_3    nvidia
dav1d                     1.2.1                h5eee18b_0  
debugpy                   1.8.20          py310h25320af_0    conda-forge
decorator                 5.2.1              pyhd8ed1ab_0    conda-forge
defusedxml                0.7.1                    pypi_0    pypi
exceptiongroup            1.3.1              pyhd8ed1ab_0    conda-forge
executing                 2.2.1              pyhd8ed1ab_0    conda-forge
expat                     2.7.1                h6a678d5_0  
fastjsonschema            2.21.2                   pypi_0    pypi
ffmpeg                    4.2.2                h20bf706_0  
filelock                  3.20.3          py310h06a4308_0  
fontconfig                2.14.1               h55d465d_3  
freetype                  2.13.3               h4a9f257_0  
fribidi                   1.0.10               h7b6447c_0  
fsspec                    2026.2.0           pyhd8ed1ab_0    conda-forge
giflib                    5.2.2                h5eee18b_0  
gmp                       6.3.0                h6a678d5_0  
gmpy2                     2.2.1           py310h5eee18b_0  
gnutls                    3.6.15               he1e5248_0  
graphite2                 1.3.14               h295c915_1  
h11                       0.16.0             pyhcf101f3_1    conda-forge
h2                        4.3.0              pyhcf101f3_0    conda-forge
harfbuzz                  10.2.0               hdfddeaa_1  
hf-xet                    1.2.1           py310hb823017_0    conda-forge
hpack                     4.1.0              pyhd8ed1ab_0    conda-forge
httpcore                  1.0.9              pyh29332c3_0    conda-forge
httpx                     0.28.1             pyhd8ed1ab_0    conda-forge
huggingface_hub           1.4.1              pyhd8ed1ab_0    conda-forge
hyperframe                6.1.0              pyhd8ed1ab_0    conda-forge
icu                       73.1                 h6a678d5_0  
idna                      3.11            py310h06a4308_0  
intel-openmp              2023.0.0         h9e868ea_25371  
ipykernel                 7.2.0              pyha191276_1    conda-forge
ipython                   8.37.0             pyh8f84b5b_0    conda-forge
jedi                      0.19.2             pyhd8ed1ab_1    conda-forge
jinja2                    3.1.6           py310h06a4308_0  
joblib                    1.5.3              pyhd8ed1ab_0    conda-forge
jpeg                      9e                   h5eee18b_3  
jsonschema                4.26.0                   pypi_0    pypi
jsonschema-specifications 2025.9.1                 pypi_0    pypi
jupyter_client            8.8.0              pyhcf101f3_0    conda-forge
jupyter_core              5.9.1              pyhc90fa1f_0    conda-forge
jupyterlab-pygments       0.3.0                    pypi_0    pypi
keyutils                  1.6.3                hb9d3cd8_0    conda-forge
krb5                      1.21.3               h659f571_0    conda-forge
lame                      3.100                h7b6447c_0  
lcms2                     2.16                 h92b89f2_1  
ld_impl_linux-64          2.40                 h12ee557_0  
lerc                      4.0.0                h6a678d5_0  
libabseil                 20260107.1      cxx17_h7b12aa8_0    conda-forge
libavif                   1.1.1                h0131e85_1  
libblas                   3.9.0           1_h86c2bf4_netlib    conda-forge
libcblas                  3.9.0           13_h8e06fc2_netlib    conda-forge
libcublas                 12.1.0.26                     0    nvidia
libcufft                  11.0.2.4                      0    nvidia
libcufile                 1.16.0.49            h3b4bcfc_0    nvidia
libcurand                 10.4.1.34            h5dabb87_0    nvidia
libcusolver               11.4.4.55                     0    nvidia
libcusparse               12.0.2.55                     0    nvidia
libdeflate                1.22                 h5eee18b_0  
libedit                   3.1.20250104    pl5321h7949ede_0    conda-forge
libffi                    3.4.4                h6a678d5_1  
libgcc                    15.2.0              he0feb66_17    conda-forge
libgcc-ng                 15.2.0              h69a702a_17    conda-forge
libgfortran               15.2.0              h69a702a_17    conda-forge
libgfortran-ng            15.2.0              h69a702a_17    conda-forge
libgfortran5              15.2.0              h68bc16d_17    conda-forge
libglib                   2.84.2               h37c7471_0  
libgomp                   15.2.0              he0feb66_17    conda-forge
libiconv                  1.16                 h5eee18b_3  
libidn2                   2.3.4                h5eee18b_0  
libjpeg-turbo             2.0.0                h9bf148f_0    pytorch
liblapack                 3.9.0           13_h8876d29_netlib    conda-forge
libnpp                    12.0.2.50                     0    nvidia
libnvjitlink              12.1.105                      0    nvidia
libnvjpeg                 12.1.1.14                     0    nvidia
libopus                   1.3.1                h5eee18b_1  
libpng                    1.6.39               h5eee18b_0  
libprotobuf               6.33.5               h2b00c02_0    conda-forge
libsentencepiece          0.2.1                h432359f_3    conda-forge
libsodium                 1.0.20               h4ab18f5_0    conda-forge
libstdcxx                 15.2.0              h934c35e_17    conda-forge
libstdcxx-ng              15.2.0              hdf11a46_17    conda-forge
libtasn1                  4.19.0               h5eee18b_0  
libtiff                   4.7.0                hde9077f_0  
libunistring              0.9.10               h27cfd23_0  
libuuid                   1.41.5               h5eee18b_0  
libvpx                    1.7.0                h439df22_0  
libwebp                   1.3.2                h9f374a3_1  
libwebp-base              1.3.2                h5eee18b_1  
libxcb                    1.17.0               h9b100fa_0  
libxml2                   2.13.8               hfdd30dd_0  
libzlib                   1.3.1                hb25bd0a_0  
llvm-openmp               14.0.6               h9e868ea_0  
lz4-c                     1.9.4                h6a678d5_1  
markdown-it-py            4.0.0              pyhd8ed1ab_0    conda-forge
markupsafe                3.0.2           py310h5eee18b_0  
matplotlib-inline         0.2.1              pyhd8ed1ab_0    conda-forge
mdurl                     0.1.2              pyhd8ed1ab_1    conda-forge
mistune                   3.2.0                    pypi_0    pypi
mkl                       2023.1.0         h213fc3f_46344  
mkl-service               2.4.0           py310h5eee18b_2  
mkl_fft                   1.3.11          py310h5eee18b_0  
mkl_random                1.2.8           py310h1128e8f_0  
mpc                       1.3.1                h5eee18b_0  
mpfr                      4.2.1                h5eee18b_0  
mpmath                    1.3.0           py310h06a4308_0  
nbclient                  0.10.4                   pypi_0    pypi
nbconvert                 7.17.0                   pypi_0    pypi
nbformat                  5.10.4                   pypi_0    pypi
ncurses                   6.5                  h7934f7d_0  
nest-asyncio              1.6.0              pyhd8ed1ab_1    conda-forge
nettle                    3.7.3                hbbd107a_1  
networkx                  3.4.2           py310h06a4308_0  
numpy                     2.0.1           py310h5f9d8c6_1  
numpy-base                2.0.1           py310hb5e798b_1  
nvidia-cublas             13.0.0.19                pypi_0    pypi
nvidia-cuda-cupti         13.0.48                  pypi_0    pypi
nvidia-cuda-nvrtc         13.0.48                  pypi_0    pypi
nvidia-cuda-runtime       13.0.48                  pypi_0    pypi
nvidia-cudnn-cu13         9.13.0.50                pypi_0    pypi
nvidia-cufft              12.0.0.15                pypi_0    pypi
nvidia-cufile             1.15.0.42                pypi_0    pypi
nvidia-curand             10.4.0.35                pypi_0    pypi
nvidia-cusolver           12.0.3.29                pypi_0    pypi
nvidia-cusparse           12.6.2.49                pypi_0    pypi
nvidia-cusparselt-cu13    0.8.0                    pypi_0    pypi
nvidia-nccl-cu13          2.27.7                   pypi_0    pypi
nvidia-nvjitlink          13.0.39                  pypi_0    pypi
nvidia-nvshmem-cu13       3.3.24                   pypi_0    pypi
nvidia-nvtx               13.0.39                  pypi_0    pypi
ocl-icd                   2.3.2                h5eee18b_1  
openh264                  2.1.1                h4ff587b_0  
openjpeg                  2.5.2                h0d4d230_1  
openssl                   3.6.1                h35e630c_1    conda-forge
packaging                 25.0            py310h06a4308_1  
pandocfilters             1.5.1                    pypi_0    pypi
parso                     0.8.6              pyhcf101f3_0    conda-forge
pcre2                     10.42                hebb0a14_1  
pexpect                   4.9.0              pyhd8ed1ab_1    conda-forge
pickleshare               0.7.5           pyhd8ed1ab_1004    conda-forge
pillow                    11.3.0          py310hb1c3d2d_0  
pip                       26.0.1             pyhc872135_0  
pixman                    0.46.4               h7934f7d_0  
platformdirs              4.9.1              pyhcf101f3_0    conda-forge
prompt-toolkit            3.0.52             pyha770c72_0    conda-forge
psutil                    7.2.2           py310h139afa4_0    conda-forge
pthread-stubs             0.3                  h0ce48e5_1  
ptyprocess                0.7.0              pyhd8ed1ab_1    conda-forge
pure_eval                 0.2.3              pyhd8ed1ab_1    conda-forge
pycparser                 2.23            py310h06a4308_0  
pydantic                  2.12.5             pyhcf101f3_1    conda-forge
pydantic-core             2.41.5          py310hd8f68c5_1    conda-forge
pygments                  2.19.2             pyhd8ed1ab_0    conda-forge
pysocks                   1.7.1           py310h06a4308_1  
python                    3.10.18              h1a3bd86_0  
python-crfsuite           0.9.12          py310h25320af_0    conda-forge
python-dateutil           2.9.0.post0        pyhe01879c_2    conda-forge
python-gil                3.10.19              hd8ed1ab_3    conda-forge
python_abi                3.10                    2_cp310    conda-forge
pytorch-cuda              12.1                 ha16c6d3_6    pytorch
pytorch-mutex             1.0                        cuda    pytorch
pyyaml                    6.0.2           py310h5eee18b_0  
pyzmq                     27.1.0          py310h4f33d48_0    conda-forge
readline                  8.3                  hc2a1206_0  
referencing               0.37.0                   pypi_0    pypi
regex                     2026.1.15       py310h7c4b9e2_0    conda-forge
requests                  2.32.5          py310h06a4308_1  
rich                      14.3.2             pyhcf101f3_0    conda-forge
rpds-py                   0.30.0                   pypi_0    pypi
safetensors               0.7.0           py310hdfeec95_0    conda-forge
scikit-learn              1.7.2           py310h228f341_0    conda-forge
scipy                     1.15.2          py310h1d65ade_0    conda-forge
sentencepiece             0.2.1                hc5512b6_3    conda-forge
sentencepiece-python      0.2.1           py310h80b480a_3    conda-forge
sentencepiece-spm         0.2.1                h432359f_3    conda-forge
setuptools                80.10.2         py310h06a4308_0  
shellingham               1.5.4              pyhd8ed1ab_2    conda-forge
six                       1.17.0             pyhe01879c_1    conda-forge
sklearn-crfsuite          0.5.0              pyhd8ed1ab_0    conda-forge
sniffio                   1.3.1              pyhd8ed1ab_2    conda-forge
soupsieve                 2.8.3                    pypi_0    pypi
sqlite                    3.50.2               hb25bd0a_1  
stack_data                0.6.3              pyhd8ed1ab_1    conda-forge
sympy                     1.14.0          py310h06a4308_1  
tabulate                  0.9.0              pyhcf101f3_3    conda-forge
tbb                       2021.8.0             hdb19cb5_0  
threadpoolctl             3.6.0              pyhecae5ae_0    conda-forge
tinycss2                  1.4.0                    pypi_0    pypi
tk                        8.6.15               h54e0aa7_0  
tokenizers                0.22.2          py310h4551fc8_0    conda-forge
torch                     2.9.1+cu130              pypi_0    pypi
torchaudio                2.9.1+cu130              pypi_0    pypi
torchvision               0.24.1+cu130             pypi_0    pypi
tornado                   6.5.3           py310h7c4b9e2_0    conda-forge
tqdm                      4.67.3             pyh8f84b5b_0    conda-forge
traitlets                 5.14.3             pyhd8ed1ab_1    conda-forge
transformers              5.1.0              pyhd8ed1ab_0    conda-forge
triton                    3.5.1                    pypi_0    pypi
typer                     0.23.1             pyhcf101f3_0    conda-forge
typer-slim                0.23.1             pyhcf101f3_0    conda-forge
typing-extensions         4.15.0          py310h06a4308_0  
typing-inspection         0.4.2              pyhd8ed1ab_1    conda-forge
typing_extensions         4.15.0          py310h06a4308_0  
tzdata                    2025c                he532380_0  
urllib3                   2.5.0           py310h06a4308_0  
wcwidth                   0.6.0              pyhd8ed1ab_0    conda-forge
webencodings              0.5.1                    pypi_0    pypi
wheel                     0.46.3          py310h06a4308_0  
x264                      1!157.20191217       h7b6447c_0  
xorg-libx11               1.8.12               h9b100fa_1  
xorg-libxau               1.0.12               h9b100fa_0  
xorg-libxdmcp             1.1.5                h9b100fa_0  
xorg-libxext              1.3.6                h9b100fa_0  
xorg-libxrender           0.9.12               h9b100fa_0  
xorg-xorgproto            2024.1               h5eee18b_1  
xz                        5.6.4                h5eee18b_1  
yaml                      0.2.5                h7b6447c_0  
zeromq                    4.3.5                h387f397_9    conda-forge
zlib                      1.3.1                hb25bd0a_0  
zstd                      1.5.6                hc292b87_0  
